 ******* CHEM. QUAL. STRUCTURES **************
           5  covalent structures
 IAB NNB SBB fqual
  1   1   0   1        | 1:15 17 18 19 20 16
  1   1   0   2        | 1:15 16 17 19 20 18
  1   1   0   2        | 1:15 16 20 17 18 19
  1   1   0   3        | 1:15 16 17 18 19 20
  1   1   0   3        | 1:15 16 20 18 19 17
quality value11
 Set_number=           1
     
  1   1   0   1        | 1:15 17 18 19 20 16
  1   1   0   2        | 1:15 16 17 19 20 18
  1   1   0   2        | 1:15 16 20 17 18 19
  1   3   0   5        | 1:15 16 17 18 20 19
  1   3   0   5        | 1:15 16 20 17 19 18
quality value15
 Set_number=           2
     
  1   1   0   1        | 1:15 17 18 19 20 16
  1   1   0   2        | 1:15 16 17 19 20 18
  1   1   0   2        | 1:15 16 20 17 18 19
  1   5   0   7        | 1:15 16 18 17 19 20
  1   5   0   7        | 1:15 16 19 18 20 17
quality value19
 Set_number=           3
     
  1   1   0   1        | 1:15 17 18 19 20 16
  1   1   0   2        | 1:15 16 17 19 20 18
  1   1   0   2        | 1:15 16 20 17 18 19
  1   6   0   8        | 1:15 16 18 17 20 19
  1   6   0   8        | 1:15 16 19 17 20 18
quality value21
 Set_number=           4
     
  1   1   0   1        | 1:15 17 18 19 20 16
  1   1   0   3        | 1:15 16 17 18 19 20
  1   1   0   3        | 1:15 16 20 18 19 17
  1   2   0   4        | 1:15 16 18 19 20 17
  1   2   0   4        | 1:15 16 19 17 18 20
quality value15
 Set_number=           5
     
  1   1   0   1        | 1:15 17 18 19 20 16
  1   1   0   3        | 1:15 16 17 18 19 20
  1   1   0   3        | 1:15 16 20 18 19 17
  1   3   0   5        | 1:15 16 17 18 20 19
  1   3   0   5        | 1:15 16 20 17 19 18
quality value17
 Set_number=           6
     
  1   1   0   1        | 1:15 17 18 19 20 16
  1   1   0   3        | 1:15 16 17 18 19 20
  1   1   0   3        | 1:15 16 20 18 19 17
  1   5   0   7        | 1:15 16 18 17 19 20
  1   5   0   7        | 1:15 16 19 18 20 17
quality value21
 Set_number=           7
     
  1   1   0   1        | 1:15 17 18 19 20 16
  1   2   0   4        | 1:15 16 18 19 20 17
  1   2   0   4        | 1:15 16 19 17 18 20
  1   3   0   5        | 1:15 16 17 18 20 19
  1   3   0   5        | 1:15 16 20 17 19 18
quality value19
 Set_number=           8
     
  1   1   0   1        | 1:15 17 18 19 20 16
  1   2   0   4        | 1:15 16 18 19 20 17
  1   2   0   4        | 1:15 16 19 17 18 20
  1   5   0   7        | 1:15 16 18 17 19 20
  1   5   0   7        | 1:15 16 19 18 20 17
quality value23
 Set_number=           9
     
  1   1   0   1        | 1:15 17 18 19 20 16
  1   2   0   4        | 1:15 16 18 19 20 17
  1   2   0   4        | 1:15 16 19 17 18 20
  1   6   0   8        | 1:15 16 18 17 20 19
  1   6   0   8        | 1:15 16 19 17 20 18
quality value25
 Set_number=          10
     
  1   1   0   1        | 1:15 17 18 19 20 16
  1   3   0   5        | 1:15 16 17 18 20 19
  1   3   0   5        | 1:15 16 20 17 19 18
  1   6   0   8        | 1:15 16 18 17 20 19
  1   6   0   8        | 1:15 16 19 17 20 18
quality value27
 Set_number=          11
     
  1   1   0   1        | 1:15 17 18 19 20 16
  1   5   0   7        | 1:15 16 18 17 19 20
  1   5   0   7        | 1:15 16 19 18 20 17
  1   6   0   8        | 1:15 16 18 17 20 19
  1   6   0   8        | 1:15 16 19 17 20 18
quality value31
 Set_number=          12
     
  1   1   0   2        | 1:15 16 17 19 20 18
  1   1   0   2        | 1:15 16 20 17 18 19
  1   1   0   3        | 1:15 16 17 18 19 20
  1   1   0   3        | 1:15 16 20 18 19 17
  1   7   0   9        | 1:15 17 19 18 20 16
quality value19
 Set_number=          13
     
  1   1   0   2        | 1:15 16 17 19 20 18
  1   1   0   2        | 1:15 16 20 17 18 19
  1   3   0   5        | 1:15 16 17 18 20 19
  1   3   0   5        | 1:15 16 20 17 19 18
  1   7   0   9        | 1:15 17 19 18 20 16
quality value23
 Set_number=          14
     
  1   1   0   2        | 1:15 16 17 19 20 18
  1   1   0   2        | 1:15 16 20 17 18 19
  1   4   0   6        | 1:15 17 20 18 19 16
  1   5   0   7        | 1:15 16 18 17 19 20
  1   5   0   7        | 1:15 16 19 18 20 17
quality value24
 Set_number=          15
     
  1   1   0   2        | 1:15 16 17 19 20 18
  1   1   0   2        | 1:15 16 20 17 18 19
  1   5   0   7        | 1:15 16 18 17 19 20
  1   5   0   7        | 1:15 16 19 18 20 17
  1   7   0   9        | 1:15 17 19 18 20 16
quality value27
 Set_number=          16
     
  1   1   0   2        | 1:15 16 17 19 20 18
  1   1   0   2        | 1:15 16 20 17 18 19
  1   6   0   8        | 1:15 16 18 17 20 19
  1   6   0   8        | 1:15 16 19 17 20 18
  1   7   0   9        | 1:15 17 19 18 20 16
quality value29
 Set_number=          17
     
  1   1   0   3        | 1:15 16 17 18 19 20
  1   1   0   3        | 1:15 16 20 18 19 17
  1   2   0   4        | 1:15 16 18 19 20 17
  1   2   0   4        | 1:15 16 19 17 18 20
  1   7   0   9        | 1:15 17 19 18 20 16
quality value23
 Set_number=          18
     
  1   1   0   3        | 1:15 16 17 18 19 20
  1   1   0   3        | 1:15 16 20 18 19 17
  1   3   0   5        | 1:15 16 17 18 20 19
  1   3   0   5        | 1:15 16 20 17 19 18
  1   7   0   9        | 1:15 17 19 18 20 16
quality value25
 Set_number=          19
     
  1   1   0   3        | 1:15 16 17 18 19 20
  1   1   0   3        | 1:15 16 20 18 19 17
  1   5   0   7        | 1:15 16 18 17 19 20
  1   5   0   7        | 1:15 16 19 18 20 17
  1   7   0   9        | 1:15 17 19 18 20 16
quality value29
 Set_number=          20
     
  1   2   0   4        | 1:15 16 18 19 20 17
  1   2   0   4        | 1:15 16 19 17 18 20
  1   3   0   5        | 1:15 16 17 18 20 19
  1   3   0   5        | 1:15 16 20 17 19 18
  1   4   0   6        | 1:15 17 20 18 19 16
quality value24
 Set_number=          21
     
  1   2   0   4        | 1:15 16 18 19 20 17
  1   2   0   4        | 1:15 16 19 17 18 20
  1   3   0   5        | 1:15 16 17 18 20 19
  1   3   0   5        | 1:15 16 20 17 19 18
  1   7   0   9        | 1:15 17 19 18 20 16
quality value27
 Set_number=          22
     
  1   2   0   4        | 1:15 16 18 19 20 17
  1   2   0   4        | 1:15 16 19 17 18 20
  1   5   0   7        | 1:15 16 18 17 19 20
  1   5   0   7        | 1:15 16 19 18 20 17
  1   7   0   9        | 1:15 17 19 18 20 16
quality value31
 Set_number=          23
     
  1   2   0   4        | 1:15 16 18 19 20 17
  1   2   0   4        | 1:15 16 19 17 18 20
  1   6   0   8        | 1:15 16 18 17 20 19
  1   6   0   8        | 1:15 16 19 17 20 18
  1   7   0   9        | 1:15 17 19 18 20 16
quality value33
 Set_number=          24
     
  1   3   0   5        | 1:15 16 17 18 20 19
  1   3   0   5        | 1:15 16 20 17 19 18
  1   6   0   8        | 1:15 16 18 17 20 19
  1   6   0   8        | 1:15 16 19 17 20 18
  1   7   0   9        | 1:15 17 19 18 20 16
quality value35
 Set_number=          25
     
  1   5   0   7        | 1:15 16 18 17 19 20
  1   5   0   7        | 1:15 16 19 18 20 17
  1   6   0   8        | 1:15 16 18 17 20 19
  1   6   0   8        | 1:15 16 19 17 20 18
  1   7   0   9        | 1:15 17 19 18 20 16
quality value39
 Set_number=          26
     
