 ******* CHEM. QUAL. STRUCTURES **************
           5  covalent structures
 IAB NNB SBB fqual
================= Cov Space num:  1  ================
  0   1   0   1        | 1:70 71 72 74 75 73
  0   1   0   2        | 1:70 71 72 73 75 74
  0   1   0   4        | 1:70 71 75 72 73 74
  0   1   0   5        | 1:70 71 74 72 73 75
  0   1   0   6        | 1:70 71 75 72 74 73
quality value18
 Set_number=           1
     
 ******* CHEM. QUAL. STRUCTURES **************
          40  ionic structures
 IAB NNB SBB fqual
================= Ion Space num:  1  ================
  0   1   0   1        | 1:70 71 71 72 73 74
  0   1   0   2        | 1:70 71 71 72 74 73
quality value3
 Set_number=           1
     
================= Ion Space num:  2  ================
  0   1   0   1        | 1:70 71 71 72 73 75
  0   1   0   2        | 1:70 71 71 72 75 73
quality value3
 Set_number=           1
     
================= Ion Space num:  3  ================
  0   1   0   1        | 1:70 71 71 72 74 75
  0   1   0   2        | 1:70 71 71 72 75 74
quality value3
 Set_number=           1
     
================= Ion Space num:  4  ================
  0   1   0   1        | 1:70 71 71 74 75 73
  0   1   0   2        | 1:70 71 71 73 74 75
quality value3
 Set_number=           1
     
================= Ion Space num:  5  ================
  0   1   0   1        | 1:70 72 72 71 73 74
  0   1   0   1        | 1:70 72 72 71 74 73
quality value2
 Set_number=           1
     
================= Ion Space num:  6  ================
  0   1   0   1        | 1:70 72 72 71 75 73
  0   1   0   2        | 1:70 72 72 71 73 75
quality value3
 Set_number=           1
     
================= Ion Space num:  7  ================
  0   1   0   1        | 1:70 72 72 71 75 74
  0   1   0   2        | 1:70 72 72 71 74 75
quality value3
 Set_number=           1
     
================= Ion Space num:  8  ================
  0   1   0   1        | 1:70 72 72 74 75 73
  0   1   0   2        | 1:70 72 72 73 74 75
quality value3
 Set_number=           1
     
================= Ion Space num:  9  ================
  0   1   0   1        | 1:70 73 73 71 72 74
  0   1   0   2        | 1:70 73 73 71 74 72
quality value3
 Set_number=           1
     
================= Ion Space num:  10  ================
  0   1   0   1        | 1:70 73 73 71 72 75
  0   1   0   2        | 1:70 73 73 71 75 72
quality value3
 Set_number=           1
     
================= Ion Space num:  11  ================
  0   1   0   1        | 1:70 73 73 71 75 74
  0   1   0   2        | 1:70 73 73 71 74 75
quality value3
 Set_number=           1
     
================= Ion Space num:  12  ================
  0   1   0   1        | 1:70 73 73 72 74 75
  0   1   0   2        | 1:70 73 73 72 75 74
quality value3
 Set_number=           1
     
================= Ion Space num:  13  ================
  0   1   0   1        | 1:70 74 74 71 72 73
  0   1   0   2        | 1:70 74 74 72 73 71
quality value3
 Set_number=           1
     
================= Ion Space num:  14  ================
  0   1   0   1        | 1:70 74 74 71 72 75
  0   1   0   2        | 1:70 74 74 71 75 72
quality value3
 Set_number=           1
     
================= Ion Space num:  15  ================
  0   1   0   1        | 1:70 74 74 71 75 73
  0   1   0   2        | 1:70 74 74 71 73 75
quality value3
 Set_number=           1
     
================= Ion Space num:  16  ================
  0   1   0   1        | 1:70 74 74 72 73 75
  0   1   0   2        | 1:70 74 74 72 75 73
quality value3
 Set_number=           1
     
================= Ion Space num:  17  ================
  0   1   0   1        | 1:70 75 75 71 72 73
  0   1   0   2        | 1:70 75 75 72 73 71
quality value3
 Set_number=           1
     
================= Ion Space num:  18  ================
  0   1   0   1        | 1:70 75 75 71 72 74
  0   1   0   2        | 1:70 75 75 71 74 72
quality value3
 Set_number=           1
     
================= Ion Space num:  19  ================
  0   1   0   1        | 1:70 75 75 71 73 74
  0   1   0   1        | 1:70 75 75 71 74 73
quality value2
 Set_number=           1
     
================= Ion Space num:  20  ================
  0   1   0   1        | 1:70 75 75 72 73 74
  0   1   0   2        | 1:70 75 75 72 74 73
quality value3
 Set_number=           1
     
 ******* CHEM. QUAL. STRUCTURES **************
          30  ionic structures
 IAB NNB SBB fqual
================= Ion Space num:  21-51  =============
  0   1   0   1        | 1:70 71 71 72 72 73
  0   1   0   1        | 1:70 71 71 72 72 74
  0   1   0   1        | 1:70 71 71 72 72 75
  0   1   0   1        | 1:70 71 71 73 73 72
  0   1   0   1        | 1:70 71 71 73 73 74
  0   1   0   1        | 1:70 71 71 73 73 75
  0   1   0   1        | 1:70 71 71 74 74 72
  0   1   0   1        | 1:70 71 71 74 74 73
  0   1   0   1        | 1:70 71 71 74 74 75
  0   1   0   1        | 1:70 71 71 75 75 72
  0   1   0   1        | 1:70 71 71 75 75 73
  0   1   0   1        | 1:70 71 71 75 75 74
  0   1   0   1        | 1:70 72 72 73 73 71
  0   1   0   1        | 1:70 72 72 73 73 74
  0   1   0   1        | 1:70 72 72 73 73 75
  0   1   0   1        | 1:70 72 72 74 74 71
  0   1   0   1        | 1:70 72 72 74 74 73
  0   1   0   1        | 1:70 72 72 74 74 75
  0   1   0   1        | 1:70 72 72 75 75 71
  0   1   0   1        | 1:70 72 72 75 75 73
  0   1   0   1        | 1:70 72 72 75 75 74
  0   1   0   1        | 1:70 73 73 74 74 71
  0   1   0   1        | 1:70 73 73 74 74 72
  0   1   0   1        | 1:70 73 73 74 74 75
  0   1   0   1        | 1:70 73 73 75 75 71
  0   1   0   1        | 1:70 73 73 75 75 72
  0   1   0   1        | 1:70 73 73 75 75 74
  0   1   0   1        | 1:70 74 74 75 75 71
  0   1   0   1        | 1:70 74 74 75 75 72
  0   1   0   1        | 1:70 74 74 75 75 73
quality value30
 Set_number=           1
     
