 ******* CHEM. QUAL. STRUCTURES **************
          14  covalent structures
 IAB NNB SBB fqual
================= Cov Space num:  1  ================
  0   1   0   1        | 1:24 25 26 27 32 28 29 30 31
  0   2   0   2        | 1:24 25 26 27 29 28 32 30 31
  0   2   0   2        | 1:24 25 26 27 32 28 30 29 31
  0   2   0   2        | 1:24 25 27 26 32 28 29 30 31
  0   2   0   2        | 1:24 25 31 26 30 27 32 28 29
  0   3   0   3        | 1:24 25 30 26 27 28 32 29 31
  0   3   0   3        | 1:24 25 30 26 32 27 28 29 31
  0   3   0   3        | 1:24 25 31 26 27 28 32 29 30
  0   3   0   3        | 1:24 25 31 26 32 27 28 29 30
  0   9   0   12        | 1:24 25 26 27 30 28 32 29 31
  0   9   0   13        | 1:24 25 31 26 32 27 30 28 29
  0   12   0   24        | 1:24 25 27 26 32 28 30 29 31
  0   12   0   24        | 1:24 25 31 26 30 27 29 28 32
  0   21   0   44        | 1:24 25 26 27 31 28 29 30 32
quality value138
 Set_number=           1
     
