 ********** RUMER STRUCTURES ******************
           5  covalent structures
 IAB NNB SBB fqual
================= Cov Space num:  1  ================
  1   1   0        | 1:15 16 17 18 19 20
  1   1   0        | 1:15 16 17 19 20 18
  1   2   0        | 1:15 16 19 17 18 20
  1   1   0        | 1:15 17 18 19 20 16
  1   4   0        | 1:15 17 20 18 19 16
 ********** RUMER STRUCTURES ******************
          40  ionic structures
 IAB NNB SBB fqual
================= Ion Space num:  1  ================
  1   1   0        | 1:15 16 16 17 18 19
  1   1   0        | 1:15 16 16 18 19 17
================= Ion Space num:  2  ================
  1   1   0        | 1:15 16 16 17 18 20
  1   2   0        | 1:15 16 16 18 20 17
================= Ion Space num:  3  ================
  1   2   0        | 1:15 16 16 17 19 20
  1   1   0        | 1:15 16 16 19 20 17
================= Ion Space num:  4  ================
  1   1   0        | 1:15 16 16 18 19 20
  1   1   0        | 1:15 16 16 19 20 18
================= Ion Space num:  5  ================
  1   2   0        | 1:15 17 17 16 18 19
  1   1   0        | 1:15 17 17 18 19 16
================= Ion Space num:  6  ================
  1   2   0        | 1:15 17 17 16 18 20
  1   3   0        | 1:15 17 17 18 20 16
================= Ion Space num:  7  ================
  1   2   0        | 1:15 17 17 16 19 20
  1   1   0        | 1:15 17 17 19 20 16
================= Ion Space num:  8  ================
  1   1   0        | 1:15 17 17 18 19 20
  1   1   0        | 1:15 17 17 19 20 18
================= Ion Space num:  9  ================
  1   1   0        | 1:15 18 18 16 17 19
  1   3   0        | 1:15 18 18 17 19 16
================= Ion Space num:  10  ================
  1   1   0        | 1:15 18 18 16 17 20
  1   2   0        | 1:15 18 18 17 20 16
================= Ion Space num:  11  ================
  1   2   0        | 1:15 18 18 16 19 20
  1   1   0        | 1:15 18 18 19 20 16
================= Ion Space num:  12  ================
  1   2   0        | 1:15 18 18 17 19 20
  1   1   0        | 1:15 18 18 19 20 17
================= Ion Space num:  13  ================
  1   1   0        | 1:15 19 19 16 17 18
  1   1   0        | 1:15 19 19 17 18 16
================= Ion Space num:  14  ================
  1   1   0        | 1:15 19 19 16 17 20
  1   2   0        | 1:15 19 19 17 20 16
================= Ion Space num:  15  ================
  1   2   0        | 1:15 19 19 16 18 20
  1   3   0        | 1:15 19 19 18 20 16
================= Ion Space num:  16  ================
  1   1   0        | 1:15 19 19 17 18 20
  1   2   0        | 1:15 19 19 18 20 17
================= Ion Space num:  17  ================
  1   1   0        | 1:15 20 20 16 17 18
  1   1   0        | 1:15 20 20 17 18 16
================= Ion Space num:  18  ================
  1   1   0        | 1:15 20 20 16 17 19
  1   3   0        | 1:15 20 20 17 19 16
================= Ion Space num:  19  ================
  1   2   0        | 1:15 20 20 16 18 19
  1   1   0        | 1:15 20 20 18 19 16
================= Ion Space num:  20  ================
  1   1   0        | 1:15 20 20 17 18 19
  1   1   0        | 1:15 20 20 18 19 17
 ********** RUMER STRUCTURES ******************
          30  ionic structures
 IAB NNB SBB fqual
============= Ion Space num:  21  -  51  =============
  1   1   0        | 1:15 16 16 17 17 18
  1   1   0        | 1:15 16 16 17 17 19
  1   1   0        | 1:15 16 16 17 17 20
  1   1   0        | 1:15 16 16 18 18 17
  1   1   0        | 1:15 16 16 18 18 19
  1   1   0        | 1:15 16 16 18 18 20
  1   1   0        | 1:15 16 16 19 19 17
  1   1   0        | 1:15 16 16 19 19 18
  1   1   0        | 1:15 16 16 19 19 20
  1   1   0        | 1:15 16 16 20 20 17
  1   1   0        | 1:15 16 16 20 20 18
  1   1   0        | 1:15 16 16 20 20 19
  1   1   0        | 1:15 17 17 18 18 16
  1   1   0        | 1:15 17 17 18 18 19
  1   1   0        | 1:15 17 17 18 18 20
  1   1   0        | 1:15 17 17 19 19 16
  1   1   0        | 1:15 17 17 19 19 18
  1   1   0        | 1:15 17 17 19 19 20
  1   1   0        | 1:15 17 17 20 20 16
  1   1   0        | 1:15 17 17 20 20 18
  1   1   0        | 1:15 17 17 20 20 19
  1   1   0        | 1:15 18 18 19 19 16
  1   1   0        | 1:15 18 18 19 19 17
  1   1   0        | 1:15 18 18 19 19 20
  1   1   0        | 1:15 18 18 20 20 16
  1   1   0        | 1:15 18 18 20 20 17
  1   1   0        | 1:15 18 18 20 20 19
  1   1   0        | 1:15 19 19 20 20 16
  1   1   0        | 1:15 19 19 20 20 17
  1   1   0        | 1:15 19 19 20 20 18
