 ******* CHEM. QUAL. STRUCTURES **************
         140  covalent structures
 IAB NNB SBB fqual
  1   2   2   1 | 1:  5   12  12  13  13   6   9   7  11   8  10
  1   2   2   1 | 1:  5   12  12  13  13   6  11   7   9   8  10
  1   2   3   2 | 1:  5   12  12  13  13   6  10   7   9   8  11
  1   2   3   2 | 1:  5   12  12  13  13   6  10   7  11   8   9
  2   1   4   7 | 1:  5   12  12  13  13   6   7   8   9  10  11
quality value 13
 Set_number=           1
     
  1   2   2   1 | 1:  5   11  11  13  13   6  10   7   9   8  12
  1   2   2   1 | 1:  5   11  11  13  13   6  12   7   9   8  10
  1   2   3   2 | 1:  5   11  11  13  13   6   9   7  10   8  12
  1   2   3   2 | 1:  5   11  11  13  13   6   9   7  12   8  10
  2   1   4   7 | 1:  5   11  11  13  13   6   8   7  10   9  12
quality value 13
 Set_number=           1
     
  1   2   1   1 | 1:  5   11  11  12  12   6  13   7   9   8  10
  1   2   3   3 | 1:  5   11  11  12  12   6   9   7  13   8  10
  1   2   3   3 | 1:  5   11  11  12  12   6  10   7   9   8  13
  1   2   4   4 | 1:  5   11  11  12  12   6   9   7  10   8  13
  1   2   4   4 | 1:  5   11  11  12  12   6  10   7  13   8   9
quality value 15
 Set_number=           1
     
  1   3   2   1 | 1:  5   10  10  13  13   6   9   7  11   8  12
  1   3   2   1 | 1:  5   10  10  13  13   6  11   7   9   8  12
  1   3   3   2 | 1:  5   10  10  13  13   6  12   7   9   8  11
  1   3   3   2 | 1:  5   10  10  13  13   6  12   7  11   8   9
  2   2   4   7 | 1:  5   10  10  13  13   6   7   8  11   9  12
quality value 13
 Set_number=           1
     
  1   3   2   1 | 1:  5   10  10  12  12   6  13   7   9   8  11
  1   3   2   1 | 1:  5   10  10  12  12   6  13   7  11   8   9
  1   3   3   2 | 1:  5   10  10  12  12   6   9   7  11   8  13
  1   3   3   2 | 1:  5   10  10  12  12   6  11   7   9   8  13
  2   2   4   6 | 1:  5   10  10  12  12   6   7   8  11   9  13
quality value 12
 Set_number=           1
     
  1   3   1   1 | 1:  5   10  10  11  11   6  13   7   9   8  12
  1   3   3   2 | 1:  5   10  10  11  11   6  13   7  12   8   9
  1   3   3   3 | 1:  5   10  10  11  11   6   9   7  13   8  12
  1   3   3   3 | 1:  5   10  10  11  11   6  12   7   9   8  13
  2   2   4   8 | 1:  5   10  10  11  11   6  12   7   8   9  13
quality value 17
 Set_number=           1
     
  1   3   2   1 | 1:  5    9   9  13  13   6  10   7  11   8  12
  1   3   2   1 | 1:  5    9   9  13  13   6  12   7  11   8  10
  1   3   3   2 | 1:  5    9   9  13  13   6  11   7  10   8  12
  1   3   3   2 | 1:  5    9   9  13  13   6  11   7  12   8  10
  2   2   4   7 | 1:  5    9   9  13  13   6   8   7  12  10  11
quality value 13
 Set_number=           1
     
  1   3   1   1 | 1:  5    9   9  12  12   6  13   7  11   8  10
  1   3   3   2 | 1:  5    9   9  12  12   6  13   7  10   8  11
  1   3   3   3 | 1:  5    9   9  12  12   6  10   7  11   8  13
  1   3   3   3 | 1:  5    9   9  12  12   6  11   7  13   8  10
  2   2   4   8 | 1:  5    9   9  12  12   6  11   7   8  10  13
quality value 17
 Set_number=           1
     
  1   3   2   1 | 1:  5    9   9  11  11   6  13   7  10   8  12
  1   3   2   1 | 1:  5    9   9  11  11   6  13   7  12   8  10
  1   3   3   2 | 1:  5    9   9  11  11   6  10   7  13   8  12
  1   3   3   2 | 1:  5    9   9  11  11   6  12   7  13   8  10
  2   2   4   6 | 1:  5    9   9  11  11   6   8   7  12  10  13
quality value 12
 Set_number=           1
     
  1   2   1   1 | 1:  5    9   9  10  10   6  13   7  11   8  12
  1   2   3   3 | 1:  5    9   9  10  10   6  11   7  13   8  12
  1   2   3   3 | 1:  5    9   9  10  10   6  12   7  11   8  13
  1   2   4   4 | 1:  5    9   9  10  10   6  11   7  12   8  13
  1   2   4   4 | 1:  5    9   9  10  10   6  12   7  13   8  11
quality value 15
 Set_number=           1
     
  1   2   2   1 | 1:  5    8   8  13  13   6   9   7  11  10  12
  1   2   2   1 | 1:  5    8   8  13  13   6  11   7   9  10  12
  1   2   4   3 | 1:  5    8   8  13  13   6   9   7  12  10  11
  1   2   4   3 | 1:  5    8   8  13  13   6  11   7  10   9  12
  2   1   3   5 | 1:  5    8   8  13  13   6  10   7   9  11  12
quality value 13
 Set_number=           1
     
  1   2   2   1 | 1:  5    8   8  12  12   6  13   7   9  10  11
  1   2   2   1 | 1:  5    8   8  12  12   6  13   7  10   9  11
  1   2   4   3 | 1:  5    8   8  12  12   6   9   7  13  10  11
  1   2   4   3 | 1:  5    8   8  12  12   6  11   7  10   9  13
  2   3   4   7 | 1:  5    8   8  12  12   6  11   7  13   9  10
quality value 15
 Set_number=           1
     
  1   2   1   1 | 1:  5    8   8  11  11   6  13   7   9  10  12
  1   2   3   2 | 1:  5    8   8  11  11   6  13   7  10   9  12
  1   2   3   3 | 1:  5    8   8  11  11   6   9   7  13  10  12
  1   2   3   3 | 1:  5    8   8  11  11   6  12   7   9  10  13
  2   3   4   8 | 1:  5    8   8  11  11   6  12   7  13   9  10
quality value 17
 Set_number=           1
     
  1   3   2   1 | 1:  5    8   8  10  10   6  13   7  11   9  12
  1   3   2   1 | 1:  5    8   8  10  10   6  13   7  12   9  11
  1   3   3   2 | 1:  5    8   8  10  10   6  12   7  11   9  13
  1   3   3   2 | 1:  5    8   8  10  10   6  12   7  13   9  11
  2   2   4   6 | 1:  5    8   8  10  10   6   9   7  12  11  13
quality value 12
 Set_number=           1
     
  1   3   1   1 | 1:  5    8   8   9   9   6  13   7  11  10  12
  1   3   3   2 | 1:  5    8   8   9   9   6  13   7  12  10  11
  1   3   3   3 | 1:  5    8   8   9   9   6  11   7  13  10  12
  1   3   3   3 | 1:  5    8   8   9   9   6  12   7  11  10  13
  2   2   4   8 | 1:  5    8   8   9   9   6  10   7  13  11  12
quality value 17
 Set_number=           1
     
  1   2   2   1 | 1:  5    7   7  13  13   6  10   8  12   9  11
  1   2   2   1 | 1:  5    7   7  13  13   6  12   8  10   9  11
  1   2   4   3 | 1:  5    7   7  13  13   6  10   8  11   9  12
  1   2   4   3 | 1:  5    7   7  13  13   6  12   8   9  10  11
  2   1   3   5 | 1:  5    7   7  13  13   6   9   8  10  11  12
quality value 13
 Set_number=           1
     
  1   2   1   1 | 1:  5    7   7  12  12   6  13   8  10   9  11
  1   2   3   2 | 1:  5    7   7  12  12   6  13   8   9  10  11
  1   2   3   3 | 1:  5    7   7  12  12   6  10   8  13   9  11
  1   2   3   3 | 1:  5    7   7  12  12   6  11   8  10   9  13
  2   3   4   8 | 1:  5    7   7  12  12   6  11   8  13   9  10
quality value 17
 Set_number=           1
     
  1   2   2   1 | 1:  5    7   7  11  11   6  13   8   9  10  12
  1   2   2   1 | 1:  5    7   7  11  11   6  13   8  10   9  12
  1   2   4   3 | 1:  5    7   7  11  11   6  10   8  13   9  12
  1   2   4   3 | 1:  5    7   7  11  11   6  12   8   9  10  13
  2   3   4   7 | 1:  5    7   7  11  11   6  12   8  13   9  10
quality value 15
 Set_number=           1
     
  1   3   1   1 | 1:  5    7   7  10  10   6  13   8  12   9  11
  1   3   3   2 | 1:  5    7   7  10  10   6  13   8  11   9  12
  1   3   3   3 | 1:  5    7   7  10  10   6  11   8  12   9  13
  1   3   3   3 | 1:  5    7   7  10  10   6  12   8  13   9  11
  2   2   4   8 | 1:  5    7   7  10  10   6   9   8  13  11  12
quality value 17
 Set_number=           1
     
  1   3   2   1 | 1:  5    7   7   9   9   6  13   8  11  10  12
  1   3   2   1 | 1:  5    7   7   9   9   6  13   8  12  10  11
  1   3   3   2 | 1:  5    7   7   9   9   6  11   8  12  10  13
  1   3   3   2 | 1:  5    7   7   9   9   6  11   8  13  10  12
  2   2   4   6 | 1:  5    7   7   9   9   6  10   8  11  12  13
quality value 12
 Set_number=           1
     
  1   2   1   1 | 1:  5    7   7   8   8   6  13   9  11  10  12
  1   2   3   3 | 1:  5    7   7   8   8   6  11   9  13  10  12
  1   2   3   3 | 1:  5    7   7   8   8   6  12   9  11  10  13
  1   2   4   4 | 1:  5    7   7   8   8   6  11   9  12  10  13
  1   2   4   4 | 1:  5    7   7   8   8   6  12   9  13  10  11
quality value 15
 Set_number=           1
     
  1   2   4   2 | 1:  5    6   6  13  13   7  10   8  11   9  12
  1   2   4   2 | 1:  5    6   6  13  13   7  12   8   9  10  11
  2   1   2   3 | 1:  5    6   6  13  13   7   8   9  11  10  12
  2   1   2   3 | 1:  5    6   6  13  13   7   9   8  10  11  12
  2   3   2   5 | 1:  5    6   6  13  13   7  11   8  12   9  10
quality value 15
 Set_number=           1
     
  1   2   2   1 | 1:  5    6   6  12  12   7  11   8  10   9  13
  1   2   2   1 | 1:  5    6   6  12  12   7  13   8  10   9  11
  1   2   4   3 | 1:  5    6   6  12  12   7  10   8  11   9  13
  1   2   4   3 | 1:  5    6   6  12  12   7  13   8   9  10  11
  2   1   3   5 | 1:  5    6   6  12  12   7   8   9  11  10  13
quality value 13
 Set_number=           1
     
  1   2   2   1 | 1:  5    6   6  11  11   7   9   8  12  10  13
  1   2   2   1 | 1:  5    6   6  11  11   7   9   8  13  10  12
  1   2   4   3 | 1:  5    6   6  11  11   7  10   8  13   9  12
  1   2   4   3 | 1:  5    6   6  11  11   7  12   8   9  10  13
  2   1   3   5 | 1:  5    6   6  11  11   7   8   9  13  10  12
quality value 13
 Set_number=           1
     
  1   3   2   1 | 1:  5    6   6  10  10   7  11   8  12   9  13
  1   3   2   1 | 1:  5    6   6  10  10   7  13   8  12   9  11
  1   3   3   2 | 1:  5    6   6  10  10   7  11   8  13   9  12
  1   3   3   2 | 1:  5    6   6  10  10   7  12   8  13   9  11
  2   2   4   7 | 1:  5    6   6  10  10   7  12   8   9  11  13
quality value 13
 Set_number=           1
     
  1   3   2   1 | 1:  5    6   6   9   9   7  11   8  12  10  13
  1   3   2   1 | 1:  5    6   6   9   9   7  11   8  13  10  12
  1   3   3   2 | 1:  5    6   6   9   9   7  13   8  11  10  12
  1   3   3   2 | 1:  5    6   6   9   9   7  13   8  12  10  11
  2   2   4   7 | 1:  5    6   6   9   9   7  10   8  11  12  13
quality value 13
 Set_number=           1
     
  1   2   2   1 | 1:  5    6   6   8   8   7  11   9  13  10  12
  1   2   2   1 | 1:  5    6   6   8   8   7  13   9  11  10  12
  1   2   3   2 | 1:  5    6   6   8   8   7  11   9  12  10  13
  1   2   3   2 | 1:  5    6   6   8   8   7  12   9  11  10  13
  2   1   4   7 | 1:  5    6   6   8   8   7  10   9  12  11  13
quality value 13
 Set_number=           1
     
  1   2   2   1 | 1:  5    6   6   7   7   8  12   9  11  10  13
  1   2   2   1 | 1:  5    6   6   7   7   8  13   9  11  10  12
  1   2   3   2 | 1:  5    6   6   7   7   8  11   9  13  10  12
  1   2   3   2 | 1:  5    6   6   7   7   8  12   9  13  10  11
  2   1   4   7 | 1:  5    6   6   7   7   8   9  10  11  12  13
quality value 13
 Set_number=           1
     
