 ******* CHEM. QUAL. STRUCTURES **************
          14  covalent structures
 IAB NNB SBB fqual
================= Cov Space num:  1  ================
  1   1   0   1        | 1:22 23 27 24 28 25 29 26 30
  1   1   0   2        | 1:22 23 27 24 29 25 28 26 30
  1   1   0   2        | 1:22 23 27 24 30 25 29 26 28
  1   1   0   2        | 1:22 23 29 24 28 25 27 26 30
  1   1   0   2        | 1:22 23 30 24 28 25 29 26 27
  1   1   0   3        | 1:22 23 29 24 30 25 28 26 27
  1   1   0   3        | 1:22 23 30 24 29 25 27 26 28
  1   1   0   7        | 1:22 23 28 24 27 25 29 26 30
  1   1   0   9        | 1:22 23 28 24 29 25 30 26 27
  1   1   0   9        | 1:22 23 28 24 30 25 27 26 29
  1   1   0   9        | 1:22 23 29 24 27 25 30 26 28
  1   1   0   9        | 1:22 23 30 24 27 25 28 26 29
  3   4   0   35        | 1:22 23 24 25 26 27 29 28 30
  3   4   0   35        | 1:22 23 24 25 26 27 30 28 29
quality value128
 Set_number=           1
     
