 ******* CHEM. QUAL. STRUCTURES **************
          14  covalent structures
 IAB NNB SBB fqual
================= Cov Space num:  1  ================
  0   1   0   1        | 1:21 22 23 24 25 26 27 28
  0   1   0   1        | 1:21 22 28 24 25 26 27 23
  0   1   0   2        | 1:21 22 23 24 25 27 28 26
  0   1   0   2        | 1:21 22 28 23 24 26 27 25
  0   1   0   3        | 1:21 22 28 23 24 25 26 27
  0   1   0   4        | 1:21 22 23 25 26 27 28 24
  0   1   0   5        | 1:21 23 24 25 26 27 28 22
  0   3   0   12        | 1:21 22 23 24 28 26 27 25
  0   3   0   12        | 1:21 22 28 23 27 24 25 26
  0   3   0   13        | 1:21 22 23 24 28 25 26 27
  0   3   0   13        | 1:21 22 28 23 27 25 26 24
  0   3   0   15        | 1:21 22 25 23 24 26 27 28
  0   3   0   16        | 1:21 22 26 24 25 27 28 23
  0   4   0   23        | 1:21 22 27 23 24 26 28 25
quality value122
 Set_number=           1
     
