 ******* CHEM. QUAL. STRUCTURES **************
          30  covalent structures
 IAB NNB SBB fqual
================= Cov Space num:  1  ================
  1   1   0   1        | 1:8 9 9 10 12 11 13 14
  1   1   0   1        | 1:8 9 9 10 13 11 12 14
  1   2   0   2        | 1:8 9 9 10 12 13 14 11
  1   2   0   2        | 1:8 9 9 10 13 12 14 11
  1   2   0   2        | 1:8 9 9 11 12 13 14 10
quality value8
 Set_number=           1
     
================= Cov Space num:  2  ================
  1   2   0   1        | 1:8 10 10 9 11 12 14 13
  1   2   0   1        | 1:8 10 10 9 11 13 14 12
  1   2   0   1        | 1:8 10 10 11 12 13 14 9
  1   2   0   1        | 1:8 10 10 11 13 12 14 9
  1   3   0   2        | 1:8 10 10 9 12 11 13 14
quality value6
 Set_number=           1
     
================= Cov Space num:  3  ================
  1   2   0   1        | 1:8 11 11 9 10 12 14 13
  1   2   0   1        | 1:8 11 11 9 10 13 14 12
  1   2   0   1        | 1:8 11 11 10 12 13 14 9
  1   2   0   1        | 1:8 11 11 10 13 12 14 9
  1   3   0   2        | 1:8 11 11 9 12 10 13 14
quality value6
 Set_number=           1
     
================= Cov Space num:  4  ================
  1   1   0   1        | 1:8 12 12 9 10 11 13 14
  1   1   0   1        | 1:8 12 12 9 11 10 13 14
  1   2   0   2        | 1:8 12 12 9 10 13 14 11
  1   2   0   2        | 1:8 12 12 9 11 13 14 10
  1   4   0   3        | 1:8 12 12 10 13 11 14 9
quality value9
 Set_number=           1
     
================= Cov Space num:  5  ================
  1   1   0   1        | 1:8 13 13 9 10 11 12 14
  1   1   0   1        | 1:8 13 13 9 11 10 12 14
  1   2   0   2        | 1:8 13 13 9 10 12 14 11
  1   2   0   2        | 1:8 13 13 9 11 12 14 10
  1   4   0   3        | 1:8 13 13 10 12 11 14 9
quality value9
 Set_number=           1
     
================= Cov Space num:  6  ================
  1   1   0   1        | 1:8 14 14 9 10 11 12 13
  1   1   0   1        | 1:8 14 14 9 10 11 13 12
  1   1   0   1        | 1:8 14 14 9 11 10 12 13
  1   1   0   1        | 1:8 14 14 9 11 10 13 12
  1   1   0   1        | 1:8 14 14 10 12 11 13 9
quality value5
 Set_number=           1
     
 ******* CHEM. QUAL. STRUCTURES **************
         120  ionic structures
 IAB NNB SBB fqual
================= Ion Space num:  1  ================
  1   1   0   1        | 1:8 9 9 12 12 10 13 11
  1   1   0   1        | 1:8 9 9 12 12 11 13 10
quality value2
 Set_number=           1
     
================= Ion Space num:  2  ================
  1   2   0   1        | 1:8 9 9 12 12 10 14 11
  1   2   0   1        | 1:8 9 9 12 12 11 14 10
quality value2
 Set_number=           1
     
================= Ion Space num:  3  ================
  1   1   0   1        | 1:8 9 9 13 13 10 12 11
  1   1   0   1        | 1:8 9 9 13 13 11 12 10
quality value2
 Set_number=           1
     
================= Ion Space num:  4  ================
  1   2   0   1        | 1:8 9 9 13 13 10 14 11
  1   2   0   1        | 1:8 9 9 13 13 11 14 10
quality value2
 Set_number=           1
     
================= Ion Space num:  5  ================
  1   1   0   1        | 1:8 9 9 14 14 10 12 11
  1   1   0   1        | 1:8 9 9 14 14 11 12 10
quality value2
 Set_number=           1
     
================= Ion Space num:  6  ================
  1   1   0   1        | 1:8 9 9 14 14 10 13 11
  1   1   0   1        | 1:8 9 9 14 14 11 13 10
quality value2
 Set_number=           1
     
================= Ion Space num:  7  ================
  1   1   0   1        | 1:8 9 9 11 11 10 12 13
  1   1   0   1        | 1:8 9 9 11 11 10 13 12
quality value2
 Set_number=           1
     
================= Ion Space num:  8  ================
  1   1   0   1        | 1:8 9 9 11 11 10 12 14
  1   2   0   2        | 1:8 9 9 11 11 12 14 10
quality value3
 Set_number=           1
     
================= Ion Space num:  9  ================
  1   1   0   1        | 1:8 9 9 13 13 10 12 14
  1   2   0   2        | 1:8 9 9 13 13 12 14 10
quality value3
 Set_number=           1
     
================= Ion Space num:  10  ================
  1   1   0   1        | 1:8 9 9 14 14 10 12 13
  1   1   0   1        | 1:8 9 9 14 14 10 13 12
quality value2
 Set_number=           1
     
================= Ion Space num:  11  ================
  1   1   0   1        | 1:8 9 9 11 11 10 13 14
  1   2   0   2        | 1:8 9 9 11 11 13 14 10
quality value3
 Set_number=           1
     
================= Ion Space num:  12  ================
  1   1   0   1        | 1:8 9 9 12 12 10 13 14
  1   2   0   2        | 1:8 9 9 12 12 13 14 10
quality value3
 Set_number=           1
     
================= Ion Space num:  13  ================
  1   1   0   1        | 1:8 9 9 10 10 11 12 13
  1   1   0   1        | 1:8 9 9 10 10 11 13 12
quality value2
 Set_number=           1
     
================= Ion Space num:  14  ================
  1   1   0   1        | 1:8 9 9 10 10 11 12 14
  1   2   0   2        | 1:8 9 9 10 10 12 14 11
quality value3
 Set_number=           1
     
================= Ion Space num:  15  ================
  1   1   0   1        | 1:8 9 9 13 13 11 12 14
  1   2   0   2        | 1:8 9 9 13 13 12 14 11
quality value3
 Set_number=           1
     
================= Ion Space num:  16  ================
  1   1   0   1        | 1:8 9 9 14 14 11 12 13
  1   1   0   1        | 1:8 9 9 14 14 11 13 12
quality value2
 Set_number=           1
     
================= Ion Space num:  17  ================
  1   1   0   1        | 1:8 9 9 10 10 11 13 14
  1   2   0   2        | 1:8 9 9 10 10 13 14 11
quality value3
 Set_number=           1
     
================= Ion Space num:  18  ================
  1   1   0   1        | 1:8 9 9 12 12 11 13 14
  1   2   0   2        | 1:8 9 9 12 12 13 14 11
quality value3
 Set_number=           1
     
================= Ion Space num:  19  ================
  1   2   0   1        | 1:8 9 9 10 10 12 14 13
  1   2   0   1        | 1:8 9 9 10 10 13 14 12
quality value2
 Set_number=           1
     
================= Ion Space num:  20  ================
  1   2   0   1        | 1:8 9 9 11 11 12 14 13
  1   2   0   1        | 1:8 9 9 11 11 13 14 12
quality value2
 Set_number=           1
     
================= Ion Space num:  21  ================
  1   1   0   1        | 1:8 10 10 12 12 9 11 13
  1   1   0   1        | 1:8 10 10 12 12 11 13 9
quality value2
 Set_number=           1
     
================= Ion Space num:  22  ================
  1   1   0   1        | 1:8 10 10 12 12 9 11 14
  1   2   0   2        | 1:8 10 10 12 12 11 14 9
quality value3
 Set_number=           1
     
================= Ion Space num:  23  ================
  1   1   0   1        | 1:8 10 10 13 13 9 11 12
  1   1   0   1        | 1:8 10 10 13 13 11 12 9
quality value2
 Set_number=           1
     
================= Ion Space num:  24  ================
  1   1   0   1        | 1:8 10 10 13 13 9 11 14
  1   2   0   2        | 1:8 10 10 13 13 11 14 9
quality value3
 Set_number=           1
     
================= Ion Space num:  25  ================
  1   1   0   1        | 1:8 10 10 14 14 9 11 12
  1   1   0   1        | 1:8 10 10 14 14 11 12 9
quality value2
 Set_number=           1
     
================= Ion Space num:  26  ================
  1   1   0   1        | 1:8 10 10 14 14 9 11 13
  1   1   0   1        | 1:8 10 10 14 14 11 13 9
quality value2
 Set_number=           1
     
================= Ion Space num:  27  ================
  1   2   0   1        | 1:8 10 10 11 11 9 12 13
  1   2   0   1        | 1:8 10 10 11 11 9 13 12
quality value2
 Set_number=           1
     
================= Ion Space num:  28  ================
  1   1   0   1        | 1:8 10 10 11 11 12 14 9
  1   2   0   2        | 1:8 10 10 11 11 9 12 14
quality value3
 Set_number=           1
     
================= Ion Space num:  29  ================
  1   1   0   1        | 1:8 10 10 13 13 12 14 9
  1   2   0   2        | 1:8 10 10 13 13 9 12 14
quality value3
 Set_number=           1
     
================= Ion Space num:  30  ================
  1   2   0   1        | 1:8 10 10 14 14 9 12 13
  1   2   0   1        | 1:8 10 10 14 14 9 13 12
quality value2
 Set_number=           1
     
================= Ion Space num:  31  ================
  1   1   0   1        | 1:8 10 10 11 11 13 14 9
  1   2   0   2        | 1:8 10 10 11 11 9 13 14
quality value3
 Set_number=           1
     
================= Ion Space num:  32  ================
  1   1   0   1        | 1:8 10 10 12 12 13 14 9
  1   2   0   2        | 1:8 10 10 12 12 9 13 14
quality value3
 Set_number=           1
     
================= Ion Space num:  33  ================
  1   1   0   1        | 1:8 10 10 13 13 11 12 14
  1   2   0   2        | 1:8 10 10 13 13 12 14 11
quality value3
 Set_number=           1
     
================= Ion Space num:  34  ================
  1   1   0   1        | 1:8 10 10 14 14 11 12 13
  1   1   0   1        | 1:8 10 10 14 14 11 13 12
quality value2
 Set_number=           1
     
================= Ion Space num:  35  ================
  1   1   0   1        | 1:8 10 10 12 12 11 13 14
  1   2   0   2        | 1:8 10 10 12 12 13 14 11
quality value3
 Set_number=           1
     
================= Ion Space num:  36  ================
  1   2   0   1        | 1:8 10 10 11 11 12 14 13
  1   2   0   1        | 1:8 10 10 11 11 13 14 12
quality value2
 Set_number=           1
     
================= Ion Space num:  37  ================
  1   1   0   1        | 1:8 11 11 12 12 9 10 13
  1   1   0   1        | 1:8 11 11 12 12 10 13 9
quality value2
 Set_number=           1
     
================= Ion Space num:  38  ================
  1   1   0   1        | 1:8 11 11 12 12 9 10 14
  1   2   0   2        | 1:8 11 11 12 12 10 14 9
quality value3
 Set_number=           1
     
================= Ion Space num:  39  ================
  1   1   0   1        | 1:8 11 11 13 13 9 10 12
  1   1   0   1        | 1:8 11 11 13 13 10 12 9
quality value2
 Set_number=           1
     
================= Ion Space num:  40  ================
  1   1   0   1        | 1:8 11 11 13 13 9 10 14
  1   2   0   2        | 1:8 11 11 13 13 10 14 9
quality value3
 Set_number=           1
     
================= Ion Space num:  41  ================
  1   1   0   1        | 1:8 11 11 14 14 9 10 12
  1   1   0   1        | 1:8 11 11 14 14 10 12 9
quality value2
 Set_number=           1
     
================= Ion Space num:  42  ================
  1   1   0   1        | 1:8 11 11 14 14 9 10 13
  1   1   0   1        | 1:8 11 11 14 14 10 13 9
quality value2
 Set_number=           1
     
================= Ion Space num:  43  ================
  1   1   0   1        | 1:8 11 11 13 13 12 14 9
  1   2   0   2        | 1:8 11 11 13 13 9 12 14
quality value3
 Set_number=           1
     
================= Ion Space num:  44  ================
  1   2   0   1        | 1:8 11 11 14 14 9 12 13
  1   2   0   1        | 1:8 11 11 14 14 9 13 12
quality value2
 Set_number=           1
     
================= Ion Space num:  45  ================
  1   1   0   1        | 1:8 11 11 12 12 13 14 9
  1   2   0   2        | 1:8 11 11 12 12 9 13 14
quality value3
 Set_number=           1
     
================= Ion Space num:  46  ================
  1   1   0   1        | 1:8 11 11 13 13 10 12 14
  1   2   0   2        | 1:8 11 11 13 13 12 14 10
quality value3
 Set_number=           1
     
================= Ion Space num:  47  ================
  1   1   0   1        | 1:8 11 11 14 14 10 12 13
  1   1   0   1        | 1:8 11 11 14 14 10 13 12
quality value2
 Set_number=           1
     
================= Ion Space num:  48  ================
  1   1   0   1        | 1:8 11 11 12 12 10 13 14
  1   2   0   2        | 1:8 11 11 12 12 13 14 10
quality value3
 Set_number=           1
     
================= Ion Space num:  49  ================
  1   1   0   1        | 1:8 12 12 13 13 9 10 11
  1   1   0   1        | 1:8 12 12 13 13 9 11 10
quality value2
 Set_number=           1
     
================= Ion Space num:  50  ================
  1   1   0   1        | 1:8 12 12 13 13 9 10 14
  1   2   0   2        | 1:8 12 12 13 13 10 14 9
quality value3
 Set_number=           1
     
================= Ion Space num:  51  ================
  1   1   0   1        | 1:8 12 12 14 14 9 10 11
  1   1   0   1        | 1:8 12 12 14 14 9 11 10
quality value2
 Set_number=           1
     
================= Ion Space num:  52  ================
  1   1   0   1        | 1:8 12 12 14 14 9 10 13
  1   1   0   1        | 1:8 12 12 14 14 10 13 9
quality value2
 Set_number=           1
     
================= Ion Space num:  53  ================
  1   1   0   1        | 1:8 12 12 13 13 9 11 14
  1   2   0   2        | 1:8 12 12 13 13 11 14 9
quality value3
 Set_number=           1
     
================= Ion Space num:  54  ================
  1   1   0   1        | 1:8 12 12 14 14 9 11 13
  1   1   0   1        | 1:8 12 12 14 14 11 13 9
quality value2
 Set_number=           1
     
================= Ion Space num:  55  ================
  1   2   0   1        | 1:8 12 12 13 13 10 14 11
  1   2   0   1        | 1:8 12 12 13 13 11 14 10
quality value2
 Set_number=           1
     
================= Ion Space num:  56  ================
  1   1   0   1        | 1:8 12 12 14 14 10 13 11
  1   1   0   1        | 1:8 12 12 14 14 11 13 10
quality value2
 Set_number=           1
     
================= Ion Space num:  57  ================
  1   1   0   1        | 1:8 13 13 14 14 9 10 11
  1   1   0   1        | 1:8 13 13 14 14 9 11 10
quality value2
 Set_number=           1
     
================= Ion Space num:  58  ================
  1   1   0   1        | 1:8 13 13 14 14 9 10 12
  1   1   0   1        | 1:8 13 13 14 14 10 12 9
quality value2
 Set_number=           1
     
================= Ion Space num:  59  ================
  1   1   0   1        | 1:8 13 13 14 14 9 11 12
  1   1   0   1        | 1:8 13 13 14 14 11 12 9
quality value2
 Set_number=           1
     
================= Ion Space num:  60  ================
  1   1   0   1        | 1:8 13 13 14 14 10 12 11
  1   1   0   1        | 1:8 13 13 14 14 11 12 10
quality value2
 Set_number=           1
     
